Arguments: 
  /Users/nathan/.nvm/versions/node/v11.3.0/bin/node /usr/local/bin/yarn add -D @babel/core

PATH: 
  /Applications/MAMP/bin/php/php7.2.10/bin:/Users/nathan/.composer/vendor/bin:/Users/nathan/.nvm/versions/node/v11.3.0/bin:/usr/local/bin:/usr/bin:/bin:/usr/sbin:/sbin:/Users/nathan/.rvm/bin:/Users/nathan/.rvm/bin:/Users/nathan/.rvm/bin

Yarn version: 
  0.27.5

Node version: 
  11.3.0

Platform: 
  darwin x64

npm manifest: 
  {
    "name": "tmrd",
    "version": "1.0.0",
    "description": "Texas Meditation Rangers Deathmatch",
    "main": "src/index.js",
    "scripts": {
      "test": "test",
      "dev": "webpack --config ./webpack.config.js --mode development",
      "dev:watch": "webpack --config ./webpack.config.js --mode development --watch",
      "build": "webpack --config ./webpack.config.js --mode production"
    },
    "author": "",
    "license": "ISC",
    "devDependencies": {
      "autoprefixer": "^9.4.8",
      "babel-core": "^6.26.3",
      "babel-loader": "^8.0.5",
      "babel-preset-env": "^1.7.0",
      "babel-preset-es2015": "^6.24.1",
      "clean-css": "^4.2.1",
      "clean-css-loader": "^1.1.0",
      "clean-webpack-plugin": "^1.0.1",
      "css-loader": "^2.1.0",
      "file-loader": "^3.0.1",
      "mini-css-extract-plugin": "^0.5.0",
      "node-sass": "^4.11.0",
      "postcss-loader": "^3.0.0",
      "sass-loader": "^7.1.0",
      "style-loader": "^0.23.1",
      "url-loader": "^1.1.2",
      "webpack": "^4.29.5",
      "webpack-cli": "^3.2.3",
      "webpack-md5-hash": "0.0.6"
    },
    "dependencies": {
      "bootstrap": "^4.3.1",
      "jquery": "^3.3.1"
    }
  }

yarn manifest: 
  No manifest

Lockfile: 
  No lockfile

Trace: 
  Error: https://registry.yarnpkg.com/autoprefixer: ETIMEDOUT
      at Timeout._onTimeout (/usr/local/lib/node_modules/yarn/node_modules/request/request.js:852:19)
      at listOnTimeout (timers.js:324:15)
      at processTimers (timers.js:268:5)
